<?xml version="1.0" encoding="UTF-8"?>
<!-- Generated by org.testng.reporters.JUnitXMLReporter -->
<testsuite ignored="0" hostname="DESKTOP-1O2D16O" failures="1" tests="1" name="TesingOnBrowaserStack" time="33.335" errors="0" timestamp="2021-10-26T19:55:05 BST">
  <testcase classname="org.example.ToExecuteOnBrowserStack" name="registerFromBrowserStack" time="33.304">
    <failure type="java.lang.AssertionError" message="expected [Your registration completed] but found []">
      <![CDATA[java.lang.AssertionError: expected [Your registration completed] but found []
at org.example.RegistrationPage.registration(RegistrationPage.java:42)
at org.example.ToExecuteOnBrowserStack.registerFromBrowserStack(ToExecuteOnBrowserStack.java:16)
at java.base/java.util.ArrayList.forEach(ArrayList.java:1511)
at com.intellij.rt.testng.IDEARemoteTestNG.run(IDEARemoteTestNG.java:66)
at com.intellij.rt.testng.RemoteTestNGStarter.main(RemoteTestNGStarter.java:109)
... Removed 30 stack frames]]>
    </failure>
  </testcase> <!-- registerFromBrowserStack -->
</testsuite> <!-- TesingOnBrowaserStack -->
